1714748092.977764 client started (33909): version 3.4, socket /private/tmp/tmux-501/default, protocol 8
1714748092.977790 on Darwin 22.4.0 Darwin Kernel Version 22.4.0: Mon Mar  6 20:59:28 PST 2023; root:xnu-8796.101.5~3/RELEASE_ARM64_T6000
1714748092.977798 using libevent 2.1.12-stable select
1714748092.977813 using utf8proc 2.9.0
1714748092.977817 using ncurses 6.5 20240427
1714748092.977828 flags are 0x18010000
1714748092.977831 socket is /private/tmp/tmux-501/default
1714748092.977838 trying connect
1714748092.977848 connect failed: No such file or directory
1714748092.977861 lock file is /private/tmp/tmux-501/default.lock
1714748092.977903 flock succeeded
1714748092.977907 got lock (6)
1714748092.977911 trying connect
1714748092.977917 connect failed: No such file or directory
1714748092.978131 add peer 0x128008000: 7 (0x0)
1714748092.980587 sending message 100 to peer 0x128008000 (4 bytes)
1714748092.980594 sending message 111 to peer 0x128008000 (8 bytes)
1714748092.980598 sending message 101 to peer 0x128008000 (12 bytes)
1714748092.980602 sending message 109 to peer 0x128008000 (4 bytes)
1714748092.980606 sending message 102 to peer 0x128008000 (13 bytes)
1714748092.980610 sending message 108 to peer 0x128008000 (27 bytes)
1714748092.980615 sending message 112 to peer 0x128008000 (70 bytes)
1714748092.980619 sending message 112 to peer 0x128008000 (5 bytes)
1714748092.980623 sending message 112 to peer 0x128008000 (6 bytes)
1714748092.980627 sending message 112 to peer 0x128008000 (6 bytes)
1714748092.980630 sending message 112 to peer 0x128008000 (10 bytes)
1714748092.980634 sending message 112 to peer 0x128008000 (13 bytes)
1714748092.980638 sending message 112 to peer 0x128008000 (14 bytes)
1714748092.980642 sending message 112 to peer 0x128008000 (19 bytes)
1714748092.980646 sending message 112 to peer 0x128008000 (11 bytes)
1714748092.980650 sending message 112 to peer 0x128008000 (10 bytes)
1714748092.980654 sending message 112 to peer 0x128008000 (15 bytes)
1714748092.980658 sending message 112 to peer 0x128008000 (21 bytes)
1714748092.980661 sending message 112 to peer 0x128008000 (13 bytes)
1714748092.980666 sending message 112 to peer 0x128008000 (7 bytes)
1714748092.980670 sending message 112 to peer 0x128008000 (13 bytes)
1714748092.980673 sending message 112 to peer 0x128008000 (7 bytes)
1714748092.980677 sending message 112 to peer 0x128008000 (13 bytes)
1714748092.980681 sending message 112 to peer 0x128008000 (9 bytes)
1714748092.980685 sending message 112 to peer 0x128008000 (21 bytes)
1714748092.980690 sending message 112 to peer 0x128008000 (13 bytes)
1714748092.980694 sending message 112 to peer 0x128008000 (9 bytes)
1714748092.980698 sending message 112 to peer 0x128008000 (16 bytes)
1714748092.980702 sending message 112 to peer 0x128008000 (13 bytes)
1714748092.980705 sending message 112 to peer 0x128008000 (9 bytes)
1714748092.980710 sending message 112 to peer 0x128008000 (9 bytes)
1714748092.980714 sending message 112 to peer 0x128008000 (12 bytes)
1714748092.980718 sending message 112 to peer 0x128008000 (8 bytes)
1714748092.980721 sending message 112 to peer 0x128008000 (13 bytes)
1714748092.980727 sending message 112 to peer 0x128008000 (7 bytes)
1714748092.980731 sending message 112 to peer 0x128008000 (7 bytes)
1714748092.980735 sending message 112 to peer 0x128008000 (9 bytes)
1714748092.980739 sending message 112 to peer 0x128008000 (6 bytes)
1714748092.980743 sending message 112 to peer 0x128008000 (9 bytes)
1714748092.980747 sending message 112 to peer 0x128008000 (15 bytes)
1714748092.980751 sending message 112 to peer 0x128008000 (13 bytes)
1714748092.980755 sending message 112 to peer 0x128008000 (12 bytes)
1714748092.980759 sending message 112 to peer 0x128008000 (8 bytes)
1714748092.980763 sending message 112 to peer 0x128008000 (14 bytes)
1714748092.980767 sending message 112 to peer 0x128008000 (9 bytes)
1714748092.980771 sending message 112 to peer 0x128008000 (10 bytes)
1714748092.980775 sending message 112 to peer 0x128008000 (10 bytes)
1714748092.980778 sending message 112 to peer 0x128008000 (10 bytes)
1714748092.980790 sending message 112 to peer 0x128008000 (10 bytes)
1714748092.980794 sending message 112 to peer 0x128008000 (11 bytes)
1714748092.980797 sending message 112 to peer 0x128008000 (12 bytes)
1714748092.980800 sending message 112 to peer 0x128008000 (12 bytes)
1714748092.980802 sending message 112 to peer 0x128008000 (12 bytes)
1714748092.980805 sending message 112 to peer 0x128008000 (12 bytes)
1714748092.980807 sending message 112 to peer 0x128008000 (12 bytes)
1714748092.980809 sending message 112 to peer 0x128008000 (11 bytes)
1714748092.980812 sending message 112 to peer 0x128008000 (11 bytes)
1714748092.980815 sending message 112 to peer 0x128008000 (12 bytes)
1714748092.980817 sending message 112 to peer 0x128008000 (12 bytes)
1714748092.980820 sending message 112 to peer 0x128008000 (12 bytes)
1714748092.980823 sending message 112 to peer 0x128008000 (12 bytes)
1714748092.980827 sending message 112 to peer 0x128008000 (12 bytes)
1714748092.980829 sending message 112 to peer 0x128008000 (9 bytes)
1714748092.980832 sending message 112 to peer 0x128008000 (12 bytes)
1714748092.980834 sending message 112 to peer 0x128008000 (13 bytes)
1714748092.980837 sending message 112 to peer 0x128008000 (13 bytes)
1714748092.980840 sending message 112 to peer 0x128008000 (13 bytes)
1714748092.980844 sending message 112 to peer 0x128008000 (13 bytes)
1714748092.980846 sending message 112 to peer 0x128008000 (13 bytes)
1714748092.980849 sending message 112 to peer 0x128008000 (8 bytes)
1714748092.980851 sending message 112 to peer 0x128008000 (11 bytes)
1714748092.980854 sending message 112 to peer 0x128008000 (11 bytes)
1714748092.980857 sending message 112 to peer 0x128008000 (11 bytes)
1714748092.980860 sending message 112 to peer 0x128008000 (12 bytes)
1714748092.980863 sending message 112 to peer 0x128008000 (12 bytes)
1714748092.980866 sending message 112 to peer 0x128008000 (13 bytes)
1714748092.980869 sending message 112 to peer 0x128008000 (12 bytes)
1714748092.980872 sending message 112 to peer 0x128008000 (13 bytes)
1714748092.980874 sending message 112 to peer 0x128008000 (13 bytes)
1714748092.980877 sending message 112 to peer 0x128008000 (13 bytes)
1714748092.980880 sending message 112 to peer 0x128008000 (8 bytes)
1714748092.980883 sending message 112 to peer 0x128008000 (13 bytes)
1714748092.980887 sending message 112 to peer 0x128008000 (13 bytes)
1714748092.980889 sending message 112 to peer 0x128008000 (13 bytes)
1714748092.980892 sending message 112 to peer 0x128008000 (13 bytes)
1714748092.980895 sending message 112 to peer 0x128008000 (13 bytes)
1714748092.980898 sending message 112 to peer 0x128008000 (12 bytes)
1714748092.980901 sending message 112 to peer 0x128008000 (12 bytes)
1714748092.980904 sending message 112 to peer 0x128008000 (13 bytes)
1714748092.980906 sending message 112 to peer 0x128008000 (12 bytes)
1714748092.980908 sending message 112 to peer 0x128008000 (13 bytes)
1714748092.980911 sending message 112 to peer 0x128008000 (8 bytes)
1714748092.980914 sending message 112 to peer 0x128008000 (13 bytes)
1714748092.980918 sending message 112 to peer 0x128008000 (13 bytes)
1714748092.980920 sending message 112 to peer 0x128008000 (13 bytes)
1714748092.980923 sending message 112 to peer 0x128008000 (13 bytes)
1714748092.980926 sending message 112 to peer 0x128008000 (13 bytes)
1714748092.980929 sending message 112 to peer 0x128008000 (13 bytes)
1714748092.980932 sending message 112 to peer 0x128008000 (13 bytes)
1714748092.980934 sending message 112 to peer 0x128008000 (12 bytes)
1714748092.980938 sending message 112 to peer 0x128008000 (12 bytes)
1714748092.980941 sending message 112 to peer 0x128008000 (13 bytes)
1714748092.980943 sending message 112 to peer 0x128008000 (8 bytes)
1714748092.980947 sending message 112 to peer 0x128008000 (12 bytes)
1714748092.980950 sending message 112 to peer 0x128008000 (13 bytes)
1714748092.980952 sending message 112 to peer 0x128008000 (13 bytes)
1714748092.980955 sending message 112 to peer 0x128008000 (13 bytes)
1714748092.980963 sending message 112 to peer 0x128008000 (13 bytes)
1714748092.980966 sending message 112 to peer 0x128008000 (13 bytes)
1714748092.980969 sending message 112 to peer 0x128008000 (13 bytes)
1714748092.980971 sending message 112 to peer 0x128008000 (13 bytes)
1714748092.980974 sending message 112 to peer 0x128008000 (13 bytes)
1714748092.980977 sending message 112 to peer 0x128008000 (12 bytes)
1714748092.980980 sending message 112 to peer 0x128008000 (10 bytes)
1714748092.980983 sending message 112 to peer 0x128008000 (12 bytes)
1714748092.980986 sending message 112 to peer 0x128008000 (13 bytes)
1714748092.980989 sending message 112 to peer 0x128008000 (12 bytes)
1714748092.980992 sending message 112 to peer 0x128008000 (13 bytes)
1714748092.980994 sending message 112 to peer 0x128008000 (13 bytes)
1714748092.980996 sending message 112 to peer 0x128008000 (13 bytes)
1714748092.980999 sending message 112 to peer 0x128008000 (13 bytes)
1714748092.981002 sending message 112 to peer 0x128008000 (13 bytes)
1714748092.981005 sending message 112 to peer 0x128008000 (13 bytes)
1714748092.981008 sending message 112 to peer 0x128008000 (13 bytes)
1714748092.981011 sending message 112 to peer 0x128008000 (10 bytes)
1714748092.981014 sending message 112 to peer 0x128008000 (13 bytes)
1714748092.981016 sending message 112 to peer 0x128008000 (12 bytes)
1714748092.981019 sending message 112 to peer 0x128008000 (12 bytes)
1714748092.981022 sending message 112 to peer 0x128008000 (13 bytes)
1714748092.981025 sending message 112 to peer 0x128008000 (10 bytes)
1714748092.981028 sending message 112 to peer 0x128008000 (10 bytes)
1714748092.981030 sending message 112 to peer 0x128008000 (10 bytes)
1714748092.981033 sending message 112 to peer 0x128008000 (12 bytes)
1714748092.981036 sending message 112 to peer 0x128008000 (13 bytes)
1714748092.981040 sending message 112 to peer 0x128008000 (13 bytes)
1714748092.981044 sending message 112 to peer 0x128008000 (13 bytes)
1714748092.981046 sending message 112 to peer 0x128008000 (13 bytes)
1714748092.981049 sending message 112 to peer 0x128008000 (13 bytes)
1714748092.981051 sending message 112 to peer 0x128008000 (10 bytes)
1714748092.981054 sending message 112 to peer 0x128008000 (11 bytes)
1714748092.981056 sending message 112 to peer 0x128008000 (12 bytes)
1714748092.981059 sending message 112 to peer 0x128008000 (12 bytes)
1714748092.981062 sending message 112 to peer 0x128008000 (12 bytes)
1714748092.981065 sending message 112 to peer 0x128008000 (12 bytes)
1714748092.981068 sending message 112 to peer 0x128008000 (12 bytes)
1714748092.981070 sending message 112 to peer 0x128008000 (11 bytes)
1714748092.981073 sending message 112 to peer 0x128008000 (12 bytes)
1714748092.981075 sending message 112 to peer 0x128008000 (12 bytes)
1714748092.981077 sending message 112 to peer 0x128008000 (13 bytes)
1714748092.981080 sending message 112 to peer 0x128008000 (13 bytes)
1714748092.981082 sending message 112 to peer 0x128008000 (13 bytes)
1714748092.981085 sending message 112 to peer 0x128008000 (13 bytes)
1714748092.981088 sending message 112 to peer 0x128008000 (13 bytes)
1714748092.981091 sending message 112 to peer 0x128008000 (10 bytes)
1714748092.981095 sending message 112 to peer 0x128008000 (9 bytes)
1714748092.981097 sending message 112 to peer 0x128008000 (12 bytes)
1714748092.981099 sending message 112 to peer 0x128008000 (13 bytes)
1714748092.981101 sending message 112 to peer 0x128008000 (13 bytes)
1714748092.981103 sending message 112 to peer 0x128008000 (13 bytes)
1714748092.981105 sending message 112 to peer 0x128008000 (13 bytes)
1714748092.981107 sending message 112 to peer 0x128008000 (13 bytes)
1714748092.981110 sending message 112 to peer 0x128008000 (9 bytes)
1714748092.981112 sending message 112 to peer 0x128008000 (12 bytes)
1714748092.981115 sending message 112 to peer 0x128008000 (13 bytes)
1714748092.981118 sending message 112 to peer 0x128008000 (13 bytes)
1714748092.981121 sending message 112 to peer 0x128008000 (13 bytes)
1714748092.981124 sending message 112 to peer 0x128008000 (13 bytes)
1714748092.981131 sending message 112 to peer 0x128008000 (13 bytes)
1714748092.981133 sending message 112 to peer 0x128008000 (11 bytes)
1714748092.981136 sending message 112 to peer 0x128008000 (12 bytes)
1714748092.981139 sending message 112 to peer 0x128008000 (13 bytes)
1714748092.981142 sending message 112 to peer 0x128008000 (13 bytes)
1714748092.981145 sending message 112 to peer 0x128008000 (13 bytes)
1714748092.981148 sending message 112 to peer 0x128008000 (13 bytes)
1714748092.981151 sending message 112 to peer 0x128008000 (13 bytes)
1714748092.981154 sending message 112 to peer 0x128008000 (11 bytes)
1714748092.981157 sending message 112 to peer 0x128008000 (12 bytes)
1714748092.981159 sending message 112 to peer 0x128008000 (12 bytes)
1714748092.981162 sending message 112 to peer 0x128008000 (12 bytes)
1714748092.981165 sending message 112 to peer 0x128008000 (12 bytes)
1714748092.981168 sending message 112 to peer 0x128008000 (12 bytes)
1714748092.981171 sending message 112 to peer 0x128008000 (22 bytes)
1714748092.981174 sending message 112 to peer 0x128008000 (12 bytes)
1714748092.981180 sending message 112 to peer 0x128008000 (9 bytes)
1714748092.981187 sending message 112 to peer 0x128008000 (6 bytes)
1714748092.981194 sending message 112 to peer 0x128008000 (13 bytes)
1714748092.981201 sending message 112 to peer 0x128008000 (10 bytes)
1714748092.981208 sending message 112 to peer 0x128008000 (15 bytes)
1714748092.981215 sending message 112 to peer 0x128008000 (11 bytes)
1714748092.981223 sending message 112 to peer 0x128008000 (9 bytes)
1714748092.981230 sending message 112 to peer 0x128008000 (70 bytes)
1714748092.981238 sending message 112 to peer 0x128008000 (69 bytes)
1714748092.981243 sending message 112 to peer 0x128008000 (34 bytes)
1714748092.981250 sending message 112 to peer 0x128008000 (34 bytes)
1714748092.981257 sending message 112 to peer 0x128008000 (69 bytes)
1714748092.981264 sending message 112 to peer 0x128008000 (12 bytes)
1714748092.981271 sending message 112 to peer 0x128008000 (10 bytes)
1714748092.981277 sending message 112 to peer 0x128008000 (10 bytes)
1714748092.981284 sending message 112 to peer 0x128008000 (15 bytes)
1714748092.981292 sending message 112 to peer 0x128008000 (11 bytes)
1714748092.981299 sending message 112 to peer 0x128008000 (10 bytes)
1714748092.981304 sending message 112 to peer 0x128008000 (10 bytes)
1714748092.981311 sending message 112 to peer 0x128008000 (17 bytes)
1714748092.981318 sending message 112 to peer 0x128008000 (10 bytes)
1714748092.981325 sending message 112 to peer 0x128008000 (13 bytes)
1714748092.981332 sending message 112 to peer 0x128008000 (17 bytes)
1714748092.981339 sending message 112 to peer 0x128008000 (5 bytes)
1714748092.981346 sending message 112 to peer 0x128008000 (9 bytes)
1714748092.981351 sending message 112 to peer 0x128008000 (15 bytes)
1714748092.981359 sending message 104 to peer 0x128008000 (0 bytes)
1714748092.981367 sending message 110 to peer 0x128008000 (0 bytes)
1714748092.981374 sending message 107 to peer 0x128008000 (4 bytes)
1714748092.981381 sending message 105 to peer 0x128008000 (67 bytes)
1714748092.981387 sending message 105 to peer 0x128008000 (877 bytes)
1714748092.981394 sending message 105 to peer 0x128008000 (19 bytes)
1714748092.981401 sending message 105 to peer 0x128008000 (66 bytes)
1714748092.981406 sending message 105 to peer 0x128008000 (19 bytes)
1714748092.981413 sending message 105 to peer 0x128008000 (60 bytes)
1714748092.981418 sending message 105 to peer 0x128008000 (15 bytes)
1714748092.981427 sending message 105 to peer 0x128008000 (57 bytes)
1714748092.981433 sending message 105 to peer 0x128008000 (14 bytes)
1714748092.981439 sending message 105 to peer 0x128008000 (20 bytes)
1714748092.981446 sending message 105 to peer 0x128008000 (15 bytes)
1714748092.981453 sending message 105 to peer 0x128008000 (18 bytes)
1714748092.981460 sending message 105 to peer 0x128008000 (72 bytes)
1714748092.981466 sending message 105 to peer 0x128008000 (12 bytes)
1714748092.981483 sending message 105 to peer 0x128008000 (38 bytes)
1714748092.981489 sending message 105 to peer 0x128008000 (31 bytes)
1714748092.981494 sending message 105 to peer 0x128008000 (42 bytes)
1714748092.981501 sending message 105 to peer 0x128008000 (17 bytes)
1714748092.981507 sending message 105 to peer 0x128008000 (15 bytes)
1714748092.981514 sending message 105 to peer 0x128008000 (17 bytes)
1714748092.981521 sending message 105 to peer 0x128008000 (194 bytes)
1714748092.981528 sending message 105 to peer 0x128008000 (14 bytes)
1714748092.981535 sending message 105 to peer 0x128008000 (22 bytes)
1714748092.981542 sending message 105 to peer 0x128008000 (8 bytes)
1714748092.981549 sending message 105 to peer 0x128008000 (29 bytes)
1714748092.981557 sending message 105 to peer 0x128008000 (30 bytes)
1714748092.981564 sending message 105 to peer 0x128008000 (37 bytes)
1714748092.981572 sending message 105 to peer 0x128008000 (34 bytes)
1714748092.981580 sending message 105 to peer 0x128008000 (60 bytes)
1714748092.981586 sending message 105 to peer 0x128008000 (12 bytes)
1714748092.981593 sending message 105 to peer 0x128008000 (22 bytes)
1714748092.981600 sending message 105 to peer 0x128008000 (29 bytes)
1714748092.981607 sending message 105 to peer 0x128008000 (11 bytes)
1714748092.981614 sending message 105 to peer 0x128008000 (8 bytes)
1714748092.981621 sending message 105 to peer 0x128008000 (32 bytes)
1714748092.981627 sending message 105 to peer 0x128008000 (10 bytes)
1714748092.981637 sending message 105 to peer 0x128008000 (27 bytes)
1714748092.981645 sending message 105 to peer 0x128008000 (16 bytes)
1714748092.981652 sending message 105 to peer 0x128008000 (54 bytes)
1714748092.981659 sending message 105 to peer 0x128008000 (63 bytes)
1714748092.981666 sending message 105 to peer 0x128008000 (25 bytes)
1714748092.981673 sending message 106 to peer 0x128008000 (0 bytes)
1714748092.981754 sending message 200 to peer 0x128008000 (4 bytes)
1714748092.981765 client loop enter
1714748092.981787 client_signal: Child exited: 20
1714748093.046433 peer 0x128008000 message 207
1714748093.046444 sending message 208 to peer 0x128008000 (0 bytes)
1714748099.055813 peer 0x128008000 message 203
1714748099.055850 sending message 205 to peer 0x128008000 (0 bytes)
1714748099.056273 peer 0x128008000 message 204
1714748099.056288 client loop exit
